<?xml version="1.0" encoding="UTF-8"?>
<!-- Generated by org.testng.reporters.JUnitXMLReporter -->
<testsuite hostname="THYAGA-PC" name="Parallel Class Suite" tests="7" failures="0" timestamp="7 Jul 2015 11:09:24 GMT" time="54.696" errors="0">
  <testcase name="f" time="0.008" classname="com.Ecareautomation.testNg.Classtwo"/>
  <testcase name="Y" time="0.001" classname="com.Ecareautomation.testNg.Classtwo"/>
  <testcase name="X" time="0.001" classname="com.Ecareautomation.testNg.Classtwo"/>
  <testcase name="Z" time="0.0" classname="com.Ecareautomation.testNg.Classtwo"/>
  <testcase name="B" time="0.009" classname="com.Ecareautomation.testNg.Classone"/>
  <testcase name="f" time="0.001" classname="com.Ecareautomation.testNg.Classone"/>
  <testcase name="A" time="0.0" classname="com.Ecareautomation.testNg.Classone"/>
</testsuite> <!-- Parallel Class Suite -->
