<?xml version="1.0" encoding="UTF-8"?>
<!-- Generated by org.testng.reporters.JUnitXMLReporter -->
<testsuite hostname="THYAGA-PC" name="Test" tests="7" failures="0" timestamp="11 Jul 2015 07:31:00 GMT" time="0.04" errors="0">
  <testcase name="G" time="0.01" classname="com.Ecareautomation.testNg.DemoTest1"/>
  <testcase name="A" time="0.01" classname="com.Ecareautomation.testNg.DemoTest"/>
  <testcase name="H" time="0.0" classname="com.Ecareautomation.testNg.DemoTest1"/>
  <testcase name="I" time="0.0" classname="com.Ecareautomation.testNg.DemoTest1"/>
  <testcase name="B" time="0.0" classname="com.Ecareautomation.testNg.DemoTest"/>
  <testcase name="f" time="0.0" classname="com.Ecareautomation.testNg.DemoTest1"/>
  <testcase name="C" time="0.0" classname="com.Ecareautomation.testNg.DemoTest"/>
</testsuite> <!-- Test -->
