<?xml version="1.0" encoding="UTF-8"?>
<testsuite name="Regression Test Suite"
           tests="5"
           failures="0"
           errors="0"
           skipped="5"
           time="0.004">
  <properties />
  
            <testcase name="C" time="0.0" classname="com.Ecareautomation.testNg.priority">
          <skipped />
    </testcase>
            <testcase name="A" time="0.0" classname="com.Ecareautomation.testNg.priority">
          <skipped />
    </testcase>
            <testcase name="D" time="0.0" classname="com.Ecareautomation.testNg.priority">
          <skipped />
    </testcase>
            <testcase name="E" time="0.0" classname="com.Ecareautomation.testNg.priority">
          <skipped />
    </testcase>
            <testcase name="B" time="0.0" classname="com.Ecareautomation.testNg.priority">
          <skipped />
    </testcase>
  
  
</testsuite>
