<?xml version="1.0" encoding="UTF-8"?>
<testsuite name="Regression Test Suite"
           tests="4"
           failures="0"
           errors="0"
           skipped="4"
           time="0.001">
  <properties />
  
            <testcase name="X" time="0.0" classname="com.Ecareautomation.testNg.Classtwo">
          <skipped />
    </testcase>
            <testcase name="f" time="0.0" classname="com.Ecareautomation.testNg.Classtwo">
          <skipped />
    </testcase>
            <testcase name="Y" time="0.0" classname="com.Ecareautomation.testNg.Classtwo">
          <skipped />
    </testcase>
            <testcase name="Z" time="0.0" classname="com.Ecareautomation.testNg.Classtwo">
          <skipped />
    </testcase>
  
  
</testsuite>
