<?xml version="1.0" encoding="UTF-8"?>
<testsuite name="Regression Test Suite"
           tests="3"
           failures="0"
           errors="0"
           skipped="3"
           time="0.001">
  <properties />
  
            <testcase name="B" time="0.0" classname="com.Ecareautomation.testNg.Facebooklogin">
          <skipped />
    </testcase>
            <testcase name="A" time="0.0" classname="com.Ecareautomation.testNg.Facebooklogin">
          <skipped />
    </testcase>
            <testcase name="login" time="0.0" classname="com.Ecareautomation.testNg.Facebooklogin">
          <skipped />
    </testcase>
  
  
</testsuite>
