<?xml version="1.0" encoding="UTF-8"?>
<testsuite name="Regression Test Suite"
           tests="4"
           failures="0"
           errors="0"
           skipped="4"
           time="0.000">
  <properties />
  
            <testcase name="C" time="0.0" classname="com.Ecareautomation.testNg.Dependsmultiple">
          <skipped />
    </testcase>
            <testcase name="B" time="0.0" classname="com.Ecareautomation.testNg.Dependsmultiple">
          <skipped />
    </testcase>
            <testcase name="A" time="0.0" classname="com.Ecareautomation.testNg.Dependsmultiple">
          <skipped />
    </testcase>
            <testcase name="D" time="0.0" classname="com.Ecareautomation.testNg.Dependsmultiple">
          <skipped />
    </testcase>
  
  
</testsuite>
