<?xml version="1.0" encoding="UTF-8"?>
<testsuite name="Regression Test Suite"
           tests="21"
           failures="1"
           errors="0"
           skipped="20"
           time="0.001">
  <properties />
            <testcase name="beforeTest" time="0.000" classname="com.Ecareautomation.testNg.Classone">
                <failure type="org.openqa.selenium.remote.UnreachableBrowserException"
                  message="Could not start a new session. Possible causes are invalid address of the remote server or browser start-up failure.
Build info: version: &apos;2.42.2&apos;, revision: &apos;6a6995d&apos;, time: &apos;2014-06-03 17:42:03&apos;
System info: host: &apos;THYAGA-PC&apos;, ip: &apos;100.72.236.134&apos;, os.name: &apos;Windows 7&apos;, os.arch: &apos;x86&apos;, os.version: &apos;6.1&apos;, java.version: &apos;1.8.0_05&apos;
Driver info: driver.version: RemoteWebDriver"
              >
<![CDATA[org.openqa.selenium.remote.UnreachableBrowserException: Could not start a new session. Possible causes are invalid address of the remote server or browser start-up failure.
Build info: version: '2.42.2', revision: '6a6995d', time: '2014-06-03 17:42:03'
System info: host: 'THYAGA-PC', ip: '100.72.236.134', os.name: 'Windows 7', os.arch: 'x86', os.version: '6.1', java.version: '1.8.0_05'
Driver info: driver.version: RemoteWebDriver
  org.openqa.selenium.remote.RemoteWebDriver.execute(RemoteWebDriver.java:593)
  org.openqa.selenium.remote.RemoteWebDriver.startSession(RemoteWebDriver.java:240)
  org.openqa.selenium.remote.RemoteWebDriver.<init>(RemoteWebDriver.java:126)
  org.openqa.selenium.remote.RemoteWebDriver.<init>(RemoteWebDriver.java:153)
  com.Ecareautomation.testNg.Facebooklogin.beforeTest(Facebooklogin.java:25)
  sun.reflect.NativeMethodAccessorImpl.invoke0(Native Method)
  sun.reflect.NativeMethodAccessorImpl.invoke(Unknown Source)
  sun.reflect.DelegatingMethodAccessorImpl.invoke(Unknown Source)
  java.lang.reflect.Method.invoke(Unknown Source)
  org.testng.internal.MethodInvocationHelper.invokeMethod(MethodInvocationHelper.java:84)
  org.testng.internal.Invoker.invokeConfigurationMethod(Invoker.java:564)
  org.testng.internal.Invoker.invokeConfigurations(Invoker.java:213)
  org.testng.internal.Invoker.invokeConfigurations(Invoker.java:138)
  org.testng.TestRunner.beforeRun(TestRunner.java:641)
  org.testng.TestRunner.run(TestRunner.java:609)
  org.testng.SuiteRunner.runTest(SuiteRunner.java:334)
  org.testng.SuiteRunner.runSequentially(SuiteRunner.java:329)
  org.testng.SuiteRunner.privateRun(SuiteRunner.java:291)
  org.testng.SuiteRunner.run(SuiteRunner.java:240)
  org.testng.SuiteRunnerWorker.runSuite(SuiteRunnerWorker.java:52)
  org.testng.SuiteRunnerWorker.run(SuiteRunnerWorker.java:86)
  org.testng.TestNG.runSuitesSequentially(TestNG.java:1224)
  org.testng.TestNG.runSuitesLocally(TestNG.java:1149)
  org.testng.TestNG.run(TestNG.java:1057)
  org.testng.remote.RemoteTestNG.run(RemoteTestNG.java:111)
  org.testng.remote.RemoteTestNG.initAndRun(RemoteTestNG.java:204)
  org.testng.remote.RemoteTestNG.main(RemoteTestNG.java:175)
Caused by: java.net.SocketException: Connection reset
  java.net.SocketInputStream.read(Unknown Source)
  java.net.SocketInputStream.read(Unknown Source)
  org.apache.http.impl.io.SessionInputBufferImpl.streamRead(SessionInputBufferImpl.java:136)
  org.apache.http.impl.io.SessionInputBufferImpl.fillBuffer(SessionInputBufferImpl.java:152)
  org.apache.http.impl.io.SessionInputBufferImpl.readLine(SessionInputBufferImpl.java:270)
  org.apache.http.impl.conn.DefaultHttpResponseParser.parseHead(DefaultHttpResponseParser.java:140)
  org.apache.http.impl.conn.DefaultHttpResponseParser.parseHead(DefaultHttpResponseParser.java:57)
  org.apache.http.impl.io.AbstractMessageParser.parse(AbstractMessageParser.java:260)
  org.apache.http.impl.DefaultBHttpClientConnection.receiveResponseHeader(DefaultBHttpClientConnection.java:161)
  sun.reflect.NativeMethodAccessorImpl.invoke0(Native Method)
  sun.reflect.NativeMethodAccessorImpl.invoke(Unknown Source)
  sun.reflect.DelegatingMethodAccessorImpl.invoke(Unknown Source)
  java.lang.reflect.Method.invoke(Unknown Source)
  org.apache.http.impl.conn.CPoolProxy.invoke(CPoolProxy.java:138)
  com.sun.proxy.$Proxy6.receiveResponseHeader(Unknown Source)
  org.apache.http.protocol.HttpRequestExecutor.doReceiveResponse(HttpRequestExecutor.java:271)
  org.apache.http.protocol.HttpRequestExecutor.execute(HttpRequestExecutor.java:123)
  org.apache.http.impl.execchain.MainClientExec.execute(MainClientExec.java:254)
  org.apache.http.impl.execchain.ProtocolExec.execute(ProtocolExec.java:195)
  org.apache.http.impl.execchain.RetryExec.execute(RetryExec.java:85)
  org.apache.http.impl.execchain.RedirectExec.execute(RedirectExec.java:108)
  org.apache.http.impl.client.InternalHttpClient.doExecute(InternalHttpClient.java:186)
  org.apache.http.impl.client.CloseableHttpClient.execute(CloseableHttpClient.java:72)
  org.apache.http.impl.client.CloseableHttpClient.execute(CloseableHttpClient.java:57)
  org.openqa.selenium.remote.HttpCommandExecutor.fallBackExecute(HttpCommandExecutor.java:204)
  org.openqa.selenium.remote.HttpCommandExecutor.execute(HttpCommandExecutor.java:173)
  org.openqa.selenium.remote.RemoteWebDriver.execute(RemoteWebDriver.java:572)
  org.openqa.selenium.remote.RemoteWebDriver.startSession(RemoteWebDriver.java:240)
  org.openqa.selenium.remote.RemoteWebDriver.<init>(RemoteWebDriver.java:126)
  org.openqa.selenium.remote.RemoteWebDriver.<init>(RemoteWebDriver.java:153)
  com.Ecareautomation.testNg.Facebooklogin.beforeTest(Facebooklogin.java:25)
  sun.reflect.NativeMethodAccessorImpl.invoke0(Native Method)
  sun.reflect.NativeMethodAccessorImpl.invoke(Unknown Source)
  sun.reflect.DelegatingMethodAccessorImpl.invoke(Unknown Source)
  java.lang.reflect.Method.invoke(Unknown Source)
  org.testng.internal.MethodInvocationHelper.invokeMethod(MethodInvocationHelper.java:84)
  org.testng.internal.Invoker.invokeConfigurationMethod(Invoker.java:564)
  org.testng.internal.Invoker.invokeConfigurations(Invoker.java:213)
  org.testng.internal.Invoker.invokeConfigurations(Invoker.java:138)
  org.testng.TestRunner.beforeRun(TestRunner.java:641)
  org.testng.TestRunner.run(TestRunner.java:609)
  org.testng.SuiteRunner.runTest(SuiteRunner.java:334)
  org.testng.SuiteRunner.runSequentially(SuiteRunner.java:329)
  org.testng.SuiteRunner.privateRun(SuiteRunner.java:291)
  org.testng.SuiteRunner.run(SuiteRunner.java:240)
  org.testng.SuiteRunnerWorker.runSuite(SuiteRunnerWorker.java:52)
  org.testng.SuiteRunnerWorker.run(SuiteRunnerWorker.java:86)
  org.testng.TestNG.runSuitesSequentially(TestNG.java:1224)
  org.testng.TestNG.runSuitesLocally(TestNG.java:1149)
  org.testng.TestNG.run(TestNG.java:1057)
  org.testng.remote.RemoteTestNG.run(RemoteTestNG.java:111)
  org.testng.remote.RemoteTestNG.initAndRun(RemoteTestNG.java:204)
  org.testng.remote.RemoteTestNG.main(RemoteTestNG.java:175)
]]>
      </failure>

          </testcase>
  
            <testcase name="afterTest" time="0.0" classname="com.Ecareautomation.testNg.Classone">
          <skipped />
    </testcase>
            <testcase name="afterTest" time="0.0" classname="com.Ecareautomation.testNg.Classone">
          <skipped />
    </testcase>
            <testcase name="beforeTest" time="0.0" classname="com.Ecareautomation.testNg.Classone">
          <skipped />
    </testcase>
            <testcase name="afterTest" time="0.0" classname="com.Ecareautomation.testNg.Classone">
          <skipped />
    </testcase>
            <testcase name="afterTest" time="0.0" classname="com.Ecareautomation.testNg.Classone">
          <skipped />
    </testcase>
            <testcase name="beforeTest" time="0.0" classname="com.Ecareautomation.testNg.Classone">
          <skipped />
    </testcase>
            <testcase name="beforeTest" time="0.0" classname="com.Ecareautomation.testNg.Classone">
          <skipped />
    </testcase>
            <testcase name="afterTest" time="0.0" classname="com.Ecareautomation.testNg.Classone">
          <skipped />
    </testcase>
            <testcase name="beforeTest" time="0.0" classname="com.Ecareautomation.testNg.Classone">
          <skipped />
    </testcase>
            <testcase name="afterTest" time="0.0" classname="com.Ecareautomation.testNg.Classone">
          <skipped />
    </testcase>
            <testcase name="beforeTest" time="0.0" classname="com.Ecareautomation.testNg.Classone">
          <skipped />
    </testcase>
            <testcase name="beforeTest" time="0.0" classname="com.Ecareautomation.testNg.Classone">
          <skipped />
    </testcase>
            <testcase name="afterTest" time="0.0" classname="com.Ecareautomation.testNg.Classone">
          <skipped />
    </testcase>
            <testcase name="beforeTest" time="0.0" classname="com.Ecareautomation.testNg.Classone">
          <skipped />
    </testcase>
            <testcase name="afterTest" time="0.0" classname="com.Ecareautomation.testNg.Classone">
          <skipped />
    </testcase>
            <testcase name="afterTest" time="0.0" classname="com.Ecareautomation.testNg.Classone">
          <skipped />
    </testcase>
            <testcase name="teardown" time="0.0" classname="com.Ecareautomation.testNg.Classone">
          <skipped />
    </testcase>
            <testcase name="A" time="0.0" classname="com.Ecareautomation.testNg.Classone">
          <skipped />
    </testcase>
            <testcase name="B" time="0.0" classname="com.Ecareautomation.testNg.Classone">
          <skipped />
    </testcase>
            <testcase name="f" time="0.0" classname="com.Ecareautomation.testNg.Classone">
          <skipped />
    </testcase>
  
  
</testsuite>
